init 3 AdaptiveLayerNorm name is single_transition_0ffw_
init 3 AdaptiveLayerNorm name is single_transition_1ffw_
init 3 AdaptiveLayerNorm name is cross_att_block_0_cross_attentionq
init 3 AdaptiveLayerNorm name is cross_att_block_0_cross_attentionk
init 3 AdaptiveLayerNorm name is cross_att_block_0_transition_blockffw_
init 3 AdaptiveLayerNorm name is cross_att_block_1_cross_attentionq
init 3 AdaptiveLayerNorm name is cross_att_block_1_cross_attentionk
init 3 AdaptiveLayerNorm name is cross_att_block_1_transition_blockffw_
init 3 AdaptiveLayerNorm name is cross_att_block_2_cross_attentionq
init 3 AdaptiveLayerNorm name is cross_att_block_2_cross_attentionk
init 3 AdaptiveLayerNorm name is cross_att_block_2_transition_blockffw_
init 3 AdaptiveLayerNorm name is transformer_block_0_self_attention
init 3 AdaptiveLayerNorm name is transformer_block_0_transition_blockffw_
init 3 AdaptiveLayerNorm name is transformer_block_1_self_attention
init 3 AdaptiveLayerNorm name is transformer_block_1_transition_blockffw_
init 3 AdaptiveLayerNorm name is transformer_block_2_self_attention
init 3 AdaptiveLayerNorm name is transformer_block_2_transition_blockffw_
init 3 AdaptiveLayerNorm name is transformer_block_3_self_attention
init 3 AdaptiveLayerNorm name is transformer_block_3_transition_blockffw_
init 3 AdaptiveLayerNorm name is transformer_block_0_self_attention
init 3 AdaptiveLayerNorm name is transformer_block_0_transition_blockffw_
init 3 AdaptiveLayerNorm name is transformer_block_1_self_attention
init 3 AdaptiveLayerNorm name is transformer_block_1_transition_blockffw_
init 3 AdaptiveLayerNorm name is transformer_block_2_self_attention
init 3 AdaptiveLayerNorm name is transformer_block_2_transition_blockffw_
init 3 AdaptiveLayerNorm name is transformer_block_3_self_attention
init 3 AdaptiveLayerNorm name is transformer_block_3_transition_blockffw_
init 3 AdaptiveLayerNorm name is transformer_block_0_self_attention
init 3 AdaptiveLayerNorm name is transformer_block_0_transition_blockffw_
init 3 AdaptiveLayerNorm name is transformer_block_1_self_attention
init 3 AdaptiveLayerNorm name is transformer_block_1_transition_blockffw_
init 3 AdaptiveLayerNorm name is transformer_block_2_self_attention
init 3 AdaptiveLayerNorm name is transformer_block_2_transition_blockffw_
init 3 AdaptiveLayerNorm name is transformer_block_3_self_attention
init 3 AdaptiveLayerNorm name is transformer_block_3_transition_blockffw_
init 3 AdaptiveLayerNorm name is transformer_block_0_self_attention
init 3 AdaptiveLayerNorm name is transformer_block_0_transition_blockffw_
init 3 AdaptiveLayerNorm name is transformer_block_1_self_attention
init 3 AdaptiveLayerNorm name is transformer_block_1_transition_blockffw_
init 3 AdaptiveLayerNorm name is transformer_block_2_self_attention
init 3 AdaptiveLayerNorm name is transformer_block_2_transition_blockffw_
init 3 AdaptiveLayerNorm name is transformer_block_3_self_attention
init 3 AdaptiveLayerNorm name is transformer_block_3_transition_blockffw_
init 3 AdaptiveLayerNorm name is transformer_block_0_self_attention
init 3 AdaptiveLayerNorm name is transformer_block_0_transition_blockffw_
init 3 AdaptiveLayerNorm name is transformer_block_1_self_attention
init 3 AdaptiveLayerNorm name is transformer_block_1_transition_blockffw_
init 3 AdaptiveLayerNorm name is transformer_block_2_self_attention
init 3 AdaptiveLayerNorm name is transformer_block_2_transition_blockffw_
init 3 AdaptiveLayerNorm name is transformer_block_3_self_attention
init 3 AdaptiveLayerNorm name is transformer_block_3_transition_blockffw_
init 3 AdaptiveLayerNorm name is transformer_block_0_self_attention
init 3 AdaptiveLayerNorm name is transformer_block_0_transition_blockffw_
init 3 AdaptiveLayerNorm name is transformer_block_1_self_attention
init 3 AdaptiveLayerNorm name is transformer_block_1_transition_blockffw_
init 3 AdaptiveLayerNorm name is transformer_block_2_self_attention
init 3 AdaptiveLayerNorm name is transformer_block_2_transition_blockffw_
init 3 AdaptiveLayerNorm name is transformer_block_3_self_attention
init 3 AdaptiveLayerNorm name is transformer_block_3_transition_blockffw_
init 3 AdaptiveLayerNorm name is cross_att_block_0_cross_attentionq
init 3 AdaptiveLayerNorm name is cross_att_block_0_cross_attentionk
init 3 AdaptiveLayerNorm name is cross_att_block_0_transition_blockffw_
init 3 AdaptiveLayerNorm name is cross_att_block_1_cross_attentionq
init 3 AdaptiveLayerNorm name is cross_att_block_1_cross_attentionk
init 3 AdaptiveLayerNorm name is cross_att_block_1_transition_blockffw_
init 3 AdaptiveLayerNorm name is cross_att_block_2_cross_attentionq
init 3 AdaptiveLayerNorm name is cross_att_block_2_cross_attentionk
init 3 AdaptiveLayerNorm name is cross_att_block_2_transition_blockffw_
init 3 AdaptiveLayerNorm name is cross_att_block_0_cross_attentionq
init 3 AdaptiveLayerNorm name is cross_att_block_0_cross_attentionk
init 3 AdaptiveLayerNorm name is cross_att_block_0_transition_blockffw_
init 3 AdaptiveLayerNorm name is cross_att_block_1_cross_attentionq
init 3 AdaptiveLayerNorm name is cross_att_block_1_cross_attentionk
init 3 AdaptiveLayerNorm name is cross_att_block_1_transition_blockffw_
init 3 AdaptiveLayerNorm name is cross_att_block_2_cross_attentionq
init 3 AdaptiveLayerNorm name is cross_att_block_2_cross_attentionk
init 3 AdaptiveLayerNorm name is cross_att_block_2_transition_blockffw_