jax_2_torch_whole_convert = {
'diffuser/~/diffusion_head/pair_transition_0ffw_layer_norm': 'diffusion_module.pair_transition_blocks.0.adaptive_layernorm.single_cond_layer_norm.weight',
'diffuser/~/diffusion_head/pair_transition_0ffw_layer_norm offset': 'diffusion_module.pair_transition_blocks.0.adaptive_layernorm.single_cond_bias.bias',
'diffuser/~/diffusion_head/pair_transition_0ffw_transition1 weights': 'diffusion_module.pair_transition_blocks.0.ffw_transition1.weight',
'diffuser/~/diffusion_head/pair_transition_0ffw_transition2 weights': 'diffusion_module.pair_transition_blocks.0.ffw_transition1.bias',
'diffuser/~/diffusion_head/pair_transition_1ffw_layer_norm scale':'diffusion_module.pair_transition_blocks.1.adaptive_layernorm.single_cond_layer_norm.weight',
'diffuser/~/diffusion_head/pair_transition_1ffw_layer_norm offset':'diffusion_module.pair_transition_blocks.1.adaptive_layernorm.single_cond_bias.bias',
'diffuser/~/diffusion_head/pair_transition_1ffw_transition1 weights': 'diffusion_module.pair_transition_blocks.1.ffw_transition1.weight',
'diffuser/~/diffusion_head/pair_transition_1ffw_transition2 weights': 'diffusion_module.pair_transition_blocks.1.ffw_transition1.bias',
'diffuser/~/diffusion_head/single_cond_initial_norm scale':'diffusion_module.single_cond_initial_norm.weight',
'diffuser/~/diffusion_head/single_cond_initial_projection weights':'diffusion_module.single_cond_initial_projection.weight',
'diffuser/~/diffusion_head/noise_embedding_initial_norm scale': 'diffusion_module.noise_embedding_initial_norm.weight',
'diffuser/~/diffusion_head/noise_embedding_initial_projection weights': 'diffusion_module.noise_embedding_initial_projection.weight',
'diffuser/~/diffusion_head/single_transition_0ffw_layer_norm scale': 'diffusion_module.single_transition_blocks.0.adaptive_layernorm.single_cond_layer_norm.weight',
'diffuser/~/diffusion_head/single_transition_0ffw_layer_norm offset': 'diffusion_module.single_transition_blocks.0.adaptive_layernorm.single_cond_bias.bias',
'diffuser/~/diffusion_head/single_transition_0ffw_transition1 weights':'diffusion_module.single_transition_blocks.0.ffw_transition1.weight',
'diffuser/~/diffusion_head/single_transition_0ffw_transition2 weights':'diffusion_module.single_transition_blocks.0.ffw_transition1.bias',
'diffuser/~/diffusion_head/single_transition_1ffw_layer_norm scale': 'diffusion_module.single_transition_blocks.1.adaptive_layernorm.single_cond_layer_norm.weight',
'diffuser/~/diffusion_head/single_transition_1ffw_layer_norm offset': 'diffusion_module.single_transition_blocks.1.adaptive_layernorm.single_cond_bias.bias',
'diffuser/~/diffusion_head/single_transition_1ffw_transition1 weights':'diffusion_module.single_transition_blocks.1.ffw_transition1.weight',
'diffuser/~/diffusion_head/single_transition_1ffw_transition2 weights':'diffusion_module.single_transition_blocks.1.ffw_transition1.bias',
'diffuser/~/diffusion_head/diffusion_embed_ref_pos weights':'diffusion_module.diffusion_atom_cross_att_encoder._per_atom_conditioning.embed_ref_pos.weight',
'diffuser/~/diffusion_head/diffusion_embed_ref_mask weights':'diffusion_module.diffusion_atom_cross_att_encoder._per_atom_conditioning.embed_ref_mask.weight',
'diffuser/~/diffusion_head/diffusion_embed_ref_element weights':'diffusion_module.diffusion_atom_cross_att_encoder._per_atom_conditioning.embed_ref_element.weight',
'diffuser/~/diffusion_head/diffusion_embed_ref_charge weights':'diffusion_module.diffusion_atom_cross_att_encoder._per_atom_conditioning.embed_ref_charge.weight',
'diffuser/~/diffusion_head/diffusion_embed_ref_atom_name weights':'diffusion_module.diffusion_atom_cross_att_encoder._per_atom_conditioning.embed_ref_atom_name.weight',
'diffuser/~/diffusion_head/diffusion_single_to_pair_cond_row weights':'diffusion_module.diffusion_atom_cross_att_encoder._per_atom_conditioning.single_to_pair_cond_row.weight',
'diffuser/~/diffusion_head/diffusion_single_to_pair_cond_col weights':'diffusion_module.diffusion_atom_cross_att_encoder._per_atom_conditioning.single_to_pair_cond_col.weight',
'diffuser/~/diffusion_head/diffusion_embed_pair_offsets weights':'diffusion_module.diffusion_atom_cross_att_encoder._per_atom_conditioning.embed_pair_offsets.weight',
'diffuser/~/diffusion_head/diffusion_embed_pair_distances weights':'diffusion_module.diffusion_atom_cross_att_encoder._per_atom_conditioning.embed_pair_distances.weight',
'diffuser/~/diffusion_head/diffusion_pair_mlp_1 weights':'diffusion_module.diffusion_atom_cross_att_encoder.pair_mlp.1.weight',
'diffuser/~/diffusion_head/diffusion_pair_mlp_2 weights':'diffusion_module.diffusion_atom_cross_att_encoder.pair_mlp.3.weight',
'diffuser/~/diffusion_head/diffusion_pair_mlp_3 weights':'diffusion_module.diffusion_atom_cross_att_encoder.pair_mlp.5.weight',
'diffuser/~/diffusion_head/diffusion_atom_transformer_encoder/pair_logits_projection weights': 'diffusion_module.diffusion_atom_cross_att_encoder.atom_transformer_encoder.pair_logits_projection.weight',

'diffuser/~/diffusion_head/diffusion_atom_transformer_encoder/__layer_stack_with_per_layer/diffusion_atom_transformer_encoderq_projection weights':'diffusion_module.diffusion_atom_cross_att_encoder.atom_transformer_encoder.blocks.0.cross_attention.q_projection.weight',
'diffuser/~/diffusion_head/diffusion_atom_transformer_encoder/__layer_stack_with_per_layer/diffusion_atom_transformer_encoderk_projection weights':'diffusion_module.diffusion_atom_cross_att_encoder.atom_transformer_encoder.blocks.0.cross_attention.k_projection.weight',
'diffuser/~/diffusion_head/diffusion_atom_transformer_encoder/__layer_stack_with_per_layer/diffusion_atom_transformer_encoderv_projection weights':'diffusion_module.diffusion_atom_cross_att_encoder.atom_transformer_encoder.blocks.0.cross_attention.v_projection.weight',
'diffuser/~/diffusion_head/diffusion_atom_transformer_encoder/__layer_stack_with_per_layer/diffusion_atom_transformer_encodergating_query weights':'diffusion_module.diffusion_atom_cross_att_encoder.atom_transformer_encoder.blocks.0.cross_attention.gating_query.weight',
'diffuser/~/diffusion_head/diffusion_atom_transformer_encoder/__layer_stack_with_per_layer/diffusion_atom_transformer_encoderqsingle_cond_layer_norm scale':'diffusion_module.diffusion_atom_cross_att_encoder.atom_transformer_encoder.blocks.0.cross_attention.adaptive_layernorm_q.single_cond_layer_norm.weight',
'diffuser/~/diffusion_head/diffusion_atom_transformer_encoder/__layer_stack_with_per_layer/diffusion_atom_transformer_encoderqsingle_cond_scale weights':'diffusion_module.diffusion_atom_cross_att_encoder.atom_transformer_encoder.blocks.0.cross_attention.adaptive_layernorm_q.single_cond_scale.weight',
'diffuser/~/diffusion_head/diffusion_atom_transformer_encoder/__layer_stack_with_per_layer/diffusion_atom_transformer_encoderksingle_cond_layer_norm scale':'diffusion_module.diffusion_atom_cross_att_encoder.atom_transformer_encoder.blocks.0.cross_attention.adaptive_layernorm_k.single_cond_layer_norm.weight',
'diffuser/~/diffusion_head/diffusion_atom_transformer_encoder/__layer_stack_with_per_layer/diffusion_atom_transformer_encoderksingle_cond_scale weights':'diffusion_module.diffusion_atom_cross_att_encoder.atom_transformer_encoder.blocks.0.cross_attention.adaptive_layernorm_k.single_cond_scale.weight',
'diffuser/~/diffusion_head/diffusion_atom_transformer_encoder/__layer_stack_with_per_layer/diffusion_atom_transformer_encoderffw_transition1 weights':'diffusion_module.diffusion_atom_cross_att_encoder.atom_transformer_encoder.blocks.0.transition.ffw_transition1.weight',
'diffuser/~/diffusion_head/diffusion_atom_transformer_encoder/__layer_stack_with_per_layer/diffusion_atom_transformer_encoderffw_transition2 weights':'diffusion_module.diffusion_atom_cross_att_encoder.atom_transformer_encoder.blocks.0.transition.ffw_transition1.bias',
'diffuser/~/diffusion_head/diffusion_atom_transformer_encoder/__layer_stack_with_per_layer/diffusion_atom_transformer_encoderq_projection bias':'diffusion_module.diffusion_atom_cross_att_encoder.atom_transformer_encoder.blocks.0.cross_attention.q_projection.bias',

'diffuser/~/diffusion_head/diffusion_atom_transformer_encoder/__layer_stack_with_per_layer/diffusion_atom_transformer_encoderqsingle_cond_scale bias':'diffusion_module.diffusion_atom_cross_att_encoder.atom_transformer_encoder.blocks.0.cross_attention.adaptive_layernorm_q.single_cond_scale.bias',
'diffuser/~/diffusion_head/diffusion_atom_transformer_encoder/__layer_stack_with_per_layer/diffusion_atom_transformer_encoderksingle_cond_scale bias':'diffusion_module.diffusion_atom_cross_att_encoder.atom_transformer_encoder.blocks.0.cross_attention.adaptive_layernorm_k.single_cond_scale.bias',
'diffuser/~/diffusion_head/diffusion_atom_transformer_encoder/__layer_stack_with_per_layer/diffusion_atom_transformer_encoderqsingle_cond_bias weights':'diffusion_module.diffusion_atom_cross_att_encoder.atom_transformer_encoder.blocks.0.cross_attention.adaptive_layernorm_q.single_cond_bias.weight',
'diffuser/~/diffusion_head/diffusion_atom_transformer_encoder/__layer_stack_with_per_layer/diffusion_atom_transformer_encoderksingle_cond_bias weights':'diffusion_module.diffusion_atom_cross_att_encoder.atom_transformer_encoder.blocks.0.cross_attention.adaptive_layernorm_k.single_cond_bias.weight',
'diffuser/~/diffusion_head/diffusion_atom_transformer_encoder/__layer_stack_with_per_layer/diffusion_atom_transformer_encoderadaptive_zero_cond bias':'diffusion_module.diffusion_atom_cross_att_encoder.atom_transformer_encoder.blocks.0.cross_attention.adaptive_layernorm_k.single_cond_bias.bias',
'diffuser/~/diffusion_head/diffusion_atom_transformer_encoder/__layer_stack_with_per_layer/diffusion_atom_transformer_encoderffw_adaptive_zero_cond bias':'diffusion_module.diffusion_atom_cross_att_encoder.atom_transformer_encoder.blocks.0.transition.adaptive_layernorm.single_cond_bias.bias',
'diffuser/~/diffusion_head/diffusion_atom_transformer_encoder/__layer_stack_with_per_layer/diffusion_atom_transformer_encoderffw_single_cond_bias weights':'diffusion_module.diffusion_atom_cross_att_encoder.atom_transformer_encoder.blocks.0.transition.adaptive_layernorm.single_cond_bias.weight',
'diffuser/~/diffusion_head/diffusion_atom_transformer_encoder/__layer_stack_with_per_layer/diffusion_atom_transformer_encoderffw_single_cond_layer_norm scale':'diffusion_module.diffusion_atom_cross_att_encoder.atom_transformer_encoder.blocks.0.transition.adaptive_layernorm.single_cond_layer_norm.weight',
'diffuser/~/diffusion_head/diffusion_atom_transformer_encoder/__layer_stack_with_per_layer/diffusion_atom_transformer_encoderffw_single_cond_scale bias':'diffusion_module.diffusion_atom_cross_att_encoder.atom_transformer_encoder.blocks.0.transition.adaptive_layernorm.single_cond_scale.bias',
'diffuser/~/diffusion_head/diffusion_atom_transformer_encoder/__layer_stack_with_per_layer/diffusion_atom_transformer_encoderffw_single_cond_scale weights':'diffusion_module.diffusion_atom_cross_att_encoder.atom_transformer_encoder.blocks.0.transition.adaptive_layernorm.single_cond_scale.weight',
'diffuser/~/diffusion_head/diffusion_atom_transformer_encoder/__layer_stack_with_per_layer/diffusion_atom_transformer_encoderadaptive_zero_cond weights':'diffusion_module.diffusion_atom_cross_att_encoder.atom_transformer_encoder.blocks.0.cross_attention.adaptive_layernorm_q.single_cond_bias.bias',
'diffuser/~/diffusion_head/diffusion_atom_transformer_encoder/__layer_stack_with_per_layer/diffusion_atom_transformer_encoderffw_adaptive_zero_cond weights':'diffusion_module.diffusion_atom_cross_att_encoder.atom_transformer_encoder.blocks.0.transition.adaptive_layernorm.single_cond_bias.bias',

# block 1
'diffuser/~/diffusion_head/diffusion_atom_transformer_encoder/__layer_stack_with_per_layer/diffusion_atom_transformer_encoderq_projection weights (1)':'diffusion_module.diffusion_atom_cross_att_encoder.atom_transformer_encoder.blocks.1.cross_attention.q_projection.weight',
'diffuser/~/diffusion_head/diffusion_atom_transformer_encoder/__layer_stack_with_per_layer/diffusion_atom_transformer_encoderk_projection weights (1)':'diffusion_module.diffusion_atom_cross_att_encoder.atom_transformer_encoder.blocks.1.cross_attention.k_projection.weight',
'diffuser/~/diffusion_head/diffusion_atom_transformer_encoder/__layer_stack_with_per_layer/diffusion_atom_transformer_encoderv_projection weights (1)':'diffusion_module.diffusion_atom_cross_att_encoder.atom_transformer_encoder.blocks.1.cross_attention.v_projection.weight',
'diffuser/~/diffusion_head/diffusion_atom_transformer_encoder/__layer_stack_with_per_layer/diffusion_atom_transformer_encodergating_query weights (1)':'diffusion_module.diffusion_atom_cross_att_encoder.atom_transformer_encoder.blocks.1.cross_attention.gating_query.weight',
'diffuser/~/diffusion_head/diffusion_atom_transformer_encoder/__layer_stack_with_per_layer/diffusion_atom_transformer_encoderqsingle_cond_layer_norm scale (1)':'diffusion_module.diffusion_atom_cross_att_encoder.atom_transformer_encoder.blocks.1.cross_attention.adaptive_layernorm_q.single_cond_layer_norm.weight',
'diffuser/~/diffusion_head/diffusion_atom_transformer_encoder/__layer_stack_with_per_layer/diffusion_atom_transformer_encoderqsingle_cond_scale weights (1)':'diffusion_module.diffusion_atom_cross_att_encoder.atom_transformer_encoder.blocks.1.cross_attention.adaptive_layernorm_q.single_cond_scale.weight',
'diffuser/~/diffusion_head/diffusion_atom_transformer_encoder/__layer_stack_with_per_layer/diffusion_atom_transformer_encoderksingle_cond_layer_norm scale (1)':'diffusion_module.diffusion_atom_cross_att_encoder.atom_transformer_encoder.blocks.1.cross_attention.adaptive_layernorm_k.single_cond_layer_norm.weight',
'diffuser/~/diffusion_head/diffusion_atom_transformer_encoder/__layer_stack_with_per_layer/diffusion_atom_transformer_encoderksingle_cond_scale weights (1)':'diffusion_module.diffusion_atom_cross_att_encoder.atom_transformer_encoder.blocks.1.cross_attention.adaptive_layernorm_k.single_cond_scale.weight',
'diffuser/~/diffusion_head/diffusion_atom_transformer_encoder/__layer_stack_with_per_layer/diffusion_atom_transformer_encoderffw_transition1 weights (1)':'diffusion_module.diffusion_atom_cross_att_encoder.atom_transformer_encoder.blocks.1.transition.ffw_transition1.weight',
'diffuser/~/diffusion_head/diffusion_atom_transformer_encoder/__layer_stack_with_per_layer/diffusion_atom_transformer_encoderffw_transition2 weights (1)':'diffusion_module.diffusion_atom_cross_att_encoder.atom_transformer_encoder.blocks.1.transition.ffw_transition1.bias',
'diffuser/~/diffusion_head/diffusion_atom_transformer_encoder/__layer_stack_with_per_layer/diffusion_atom_transformer_encoderq_projection bias (1)':'diffusion_module.diffusion_atom_cross_att_encoder.atom_transformer_encoder.blocks.1.cross_attention.q_projection.bias',

'diffuser/~/diffusion_head/diffusion_atom_transformer_encoder/__layer_stack_with_per_layer/diffusion_atom_transformer_encoderqsingle_cond_scale bias (1)':'diffusion_module.diffusion_atom_cross_att_encoder.atom_transformer_encoder.blocks.1.cross_attention.adaptive_layernorm_q.single_cond_scale.bias',
'diffuser/~/diffusion_head/diffusion_atom_transformer_encoder/__layer_stack_with_per_layer/diffusion_atom_transformer_encoderksingle_cond_scale bias (1)':'diffusion_module.diffusion_atom_cross_att_encoder.atom_transformer_encoder.blocks.1.cross_attention.adaptive_layernorm_k.single_cond_scale.bias',
'diffuser/~/diffusion_head/diffusion_atom_transformer_encoder/__layer_stack_with_per_layer/diffusion_atom_transformer_encoderqsingle_cond_bias weights (1)':'diffusion_module.diffusion_atom_cross_att_encoder.atom_transformer_encoder.blocks.1.cross_attention.adaptive_layernorm_q.single_cond_bias.weight',
'diffuser/~/diffusion_head/diffusion_atom_transformer_encoder/__layer_stack_with_per_layer/diffusion_atom_transformer_encoderksingle_cond_bias weights (1)':'diffusion_module.diffusion_atom_cross_att_encoder.atom_transformer_encoder.blocks.1.cross_attention.adaptive_layernorm_k.single_cond_bias.weight',
'diffuser/~/diffusion_head/diffusion_atom_transformer_encoder/__layer_stack_with_per_layer/diffusion_atom_transformer_encoderadaptive_zero_cond bias (1)':'diffusion_module.diffusion_atom_cross_att_encoder.atom_transformer_encoder.blocks.1.cross_attention.adaptive_layernorm_k.single_cond_bias.bias',
'diffuser/~/diffusion_head/diffusion_atom_transformer_encoder/__layer_stack_with_per_layer/diffusion_atom_transformer_encoderffw_adaptive_zero_cond bias (1)':'diffusion_module.diffusion_atom_cross_att_encoder.atom_transformer_encoder.blocks.1.transition.adaptive_layernorm.single_cond_bias.bias',
'diffuser/~/diffusion_head/diffusion_atom_transformer_encoder/__layer_stack_with_per_layer/diffusion_atom_transformer_encoderffw_single_cond_bias weights (1)':'diffusion_module.diffusion_atom_cross_att_encoder.atom_transformer_encoder.blocks.1.transition.adaptive_layernorm.single_cond_bias.weight',
'diffuser/~/diffusion_head/diffusion_atom_transformer_encoder/__layer_stack_with_per_layer/diffusion_atom_transformer_encoderffw_single_cond_layer_norm scale (1)':'diffusion_module.diffusion_atom_cross_att_encoder.atom_transformer_encoder.blocks.1.transition.adaptive_layernorm.single_cond_layer_norm.weight',
'diffuser/~/diffusion_head/diffusion_atom_transformer_encoder/__layer_stack_with_per_layer/diffusion_atom_transformer_encoderffw_single_cond_scale bias (1)':'diffusion_module.diffusion_atom_cross_att_encoder.atom_transformer_encoder.blocks.1.transition.adaptive_layernorm.single_cond_scale.bias',
'diffuser/~/diffusion_head/diffusion_atom_transformer_encoder/__layer_stack_with_per_layer/diffusion_atom_transformer_encoderffw_single_cond_scale weights (1)':'diffusion_module.diffusion_atom_cross_att_encoder.atom_transformer_encoder.blocks.1.transition.adaptive_layernorm.single_cond_scale.weight',
'diffuser/~/diffusion_head/diffusion_atom_transformer_encoder/__layer_stack_with_per_layer/diffusion_atom_transformer_encoderadaptive_zero_cond weights (1)':'diffusion_module.diffusion_atom_cross_att_encoder.atom_transformer_encoder.blocks.1.cross_attention.adaptive_layernorm_q.single_cond_bias.bias',

# block 2
'diffuser/~/diffusion_head/diffusion_atom_transformer_encoder/__layer_stack_with_per_layer/diffusion_atom_transformer_encoderq_projection weights (2)':'diffusion_module.diffusion_atom_cross_att_encoder.atom_transformer_encoder.blocks.2.cross_attention.q_projection.weight',
'diffuser/~/diffusion_head/diffusion_atom_transformer_encoder/__layer_stack_with_per_layer/diffusion_atom_transformer_encoderk_projection weights (2)':'diffusion_module.diffusion_atom_cross_att_encoder.atom_transformer_encoder.blocks.2.cross_attention.k_projection.weight',
'diffuser/~/diffusion_head/diffusion_atom_transformer_encoder/__layer_stack_with_per_layer/diffusion_atom_transformer_encoderv_projection weights (2)':'diffusion_module.diffusion_atom_cross_att_encoder.atom_transformer_encoder.blocks.2.cross_attention.v_projection.weight',
'diffuser/~/diffusion_head/diffusion_atom_transformer_encoder/__layer_stack_with_per_layer/diffusion_atom_transformer_encodergating_query weights (2)':'diffusion_module.diffusion_atom_cross_att_encoder.atom_transformer_encoder.blocks.2.cross_attention.gating_query.weight',
'diffuser/~/diffusion_head/diffusion_atom_transformer_encoder/__layer_stack_with_per_layer/diffusion_atom_transformer_encoderqsingle_cond_layer_norm scale (2)':'diffusion_module.diffusion_atom_cross_att_encoder.atom_transformer_encoder.blocks.2.cross_attention.adaptive_layernorm_q.single_cond_layer_norm.weight',
'diffuser/~/diffusion_head/diffusion_atom_transformer_encoder/__layer_stack_with_per_layer/diffusion_atom_transformer_encoderqsingle_cond_scale weights (2)':'diffusion_module.diffusion_atom_cross_att_encoder.atom_transformer_encoder.blocks.2.cross_attention.adaptive_layernorm_q.single_cond_scale.weight',
'diffuser/~/diffusion_head/diffusion_atom_transformer_encoder/__layer_stack_with_per_layer/diffusion_atom_transformer_encoderksingle_cond_layer_norm scale (2)':'diffusion_module.diffusion_atom_cross_att_encoder.atom_transformer_encoder.blocks.2.cross_attention.adaptive_layernorm_k.single_cond_layer_norm.weight',
'diffuser/~/diffusion_head/diffusion_atom_transformer_encoder/__layer_stack_with_per_layer/diffusion_atom_transformer_encoderksingle_cond_scale weights (2)':'diffusion_module.diffusion_atom_cross_att_encoder.atom_transformer_encoder.blocks.2.cross_attention.adaptive_layernorm_k.single_cond_scale.weight',
'diffuser/~/diffusion_head/diffusion_atom_transformer_encoder/__layer_stack_with_per_layer/diffusion_atom_transformer_encoderffw_transition1 weights (2)':'diffusion_module.diffusion_atom_cross_att_encoder.atom_transformer_encoder.blocks.2.transition.ffw_transition1.weight',
'diffuser/~/diffusion_head/diffusion_atom_transformer_encoder/__layer_stack_with_per_layer/diffusion_atom_transformer_encoderffw_transition2 weights (2)':'diffusion_module.diffusion_atom_cross_att_encoder.atom_transformer_encoder.blocks.2.transition.ffw_transition1.bias',
'diffuser/~/diffusion_head/diffusion_atom_transformer_encoder/__layer_stack_with_per_layer/diffusion_atom_transformer_encoderq_projection bias (2)':'diffusion_module.diffusion_atom_cross_att_encoder.atom_transformer_encoder.blocks.2.cross_attention.q_projection.bias',

'diffuser/~/diffusion_head/diffusion_atom_transformer_encoder/__layer_stack_with_per_layer/diffusion_atom_transformer_encoderqsingle_cond_scale bias (2)':'diffusion_module.diffusion_atom_cross_att_encoder.atom_transformer_encoder.blocks.2.cross_attention.adaptive_layernorm_q.single_cond_scale.bias',
'diffuser/~/diffusion_head/diffusion_atom_transformer_encoder/__layer_stack_with_per_layer/diffusion_atom_transformer_encoderksingle_cond_scale bias (2)':'diffusion_module.diffusion_atom_cross_att_encoder.atom_transformer_encoder.blocks.2.cross_attention.adaptive_layernorm_k.single_cond_scale.bias',
'diffuser/~/diffusion_head/diffusion_atom_transformer_encoder/__layer_stack_with_per_layer/diffusion_atom_transformer_encoderqsingle_cond_bias weights (2)':'diffusion_module.diffusion_atom_cross_att_encoder.atom_transformer_encoder.blocks.2.cross_attention.adaptive_layernorm_q.single_cond_bias.weight',
'diffuser/~/diffusion_head/diffusion_atom_transformer_encoder/__layer_stack_with_per_layer/diffusion_atom_transformer_encoderksingle_cond_bias weights (2)':'diffusion_module.diffusion_atom_cross_att_encoder.atom_transformer_encoder.blocks.2.cross_attention.adaptive_layernorm_k.single_cond_bias.weight',
'diffuser/~/diffusion_head/diffusion_atom_transformer_encoder/__layer_stack_with_per_layer/diffusion_atom_transformer_encoderadaptive_zero_cond bias (2)':'diffusion_module.diffusion_atom_cross_att_encoder.atom_transformer_encoder.blocks.2.cross_attention.adaptive_layernorm_k.single_cond_bias.bias',
'diffuser/~/diffusion_head/diffusion_atom_transformer_encoder/__layer_stack_with_per_layer/diffusion_atom_transformer_encoderffw_adaptive_zero_cond bias (2)':'diffusion_module.diffusion_atom_cross_att_encoder.atom_transformer_encoder.blocks.2.transition.adaptive_layernorm.single_cond_bias.bias',
'diffuser/~/diffusion_head/diffusion_atom_transformer_encoder/__layer_stack_with_per_layer/diffusion_atom_transformer_encoderffw_single_cond_bias weights (2)':'diffusion_module.diffusion_atom_cross_att_encoder.atom_transformer_encoder.blocks.2.transition.adaptive_layernorm.single_cond_bias.weight',
'diffuser/~/diffusion_head/diffusion_atom_transformer_encoder/__layer_stack_with_per_layer/diffusion_atom_transformer_encoderffw_single_cond_layer_norm scale (2)':'diffusion_module.diffusion_atom_cross_att_encoder.atom_transformer_encoder.blocks.2.transition.adaptive_layernorm.single_cond_layer_norm.weight',
'diffuser/~/diffusion_head/diffusion_atom_transformer_encoder/__layer_stack_with_per_layer/diffusion_atom_transformer_encoderffw_single_cond_scale bias (2)':'diffusion_module.diffusion_atom_cross_att_encoder.atom_transformer_encoder.blocks.2.transition.adaptive_layernorm.single_cond_scale.bias',
'diffuser/~/diffusion_head/diffusion_atom_transformer_encoder/__layer_stack_with_per_layer/diffusion_atom_transformer_encoderffw_single_cond_scale weights (2)':'diffusion_module.diffusion_atom_cross_att_encoder.atom_transformer_encoder.blocks.2.transition.adaptive_layernorm.single_cond_scale.weight',
'diffuser/~/diffusion_head/diffusion_atom_transformer_encoder/__layer_stack_with_per_layer/diffusion_atom_transformer_encoderadaptive_zero_cond weights (2)':'diffusion_module.diffusion_atom_cross_att_encoder.atom_transformer_encoder.blocks.2.cross_attention.adaptive_layernorm_q.single_cond_bias.bias',

'diffuser/~/diffusion_head/diffusion_project_atom_features_for_aggr weights':'diffusion_module.diffusion_atom_cross_att_encoder.project_atom_features_for_aggr.weight',
'diffuser/~/diffusion_head/diffusion_embed_trunk_single_cond weights':'diffusion_module.diffusion_atom_cross_att_encoder.embed_trunk_single_cond.weight',
'diffuser/~/diffusion_head/diffusion_lnorm_trunk_single_cond scale':'diffusion_module.diffusion_atom_cross_att_encoder.lnorm_trunk_single_cond.weight',
'diffuser/~/diffusion_head/diffusion_atom_positions_to_features weights':'diffusion_module.diffusion_atom_cross_att_encoder.atom_positions_to_features.weight',
'diffuser/~/diffusion_head/diffusion_lnorm_trunk_pair_cond scale':'diffusion_module.diffusion_atom_cross_att_encoder.lnorm_trunk_pair_cond.weight',
'diffuser/~/diffusion_head/diffusion_embed_trunk_pair_cond weights':'diffusion_module.diffusion_atom_cross_att_encoder.embed_trunk_pair_cond.weight',

'diffuser/~/diffusion_head/single_cond_embedding_norm scale':'diffusion_module.single_cond_embedding_norm.weight',
'diffuser/~/diffusion_head/single_cond_embedding_projection weights':'diffusion_module.single_cond_embedding_projection.weight',
'diffuser/~/diffusion_head/transformer/pair_logits_projection weights':'diffusion_module.transformer.pair_logits_projection.weight',
#super block 0
'diffuser/~/diffusion_head/transformer/__layer_stack_with_per_layer/__layer_stack_with_per_layer/transformerq_projection weights (0, 0)':'diffusion_module.transformer.super_blocks.0.0.self_attention.q_projection.weight',
'diffuser/~/diffusion_head/transformer/__layer_stack_with_per_layer/__layer_stack_with_per_layer/transformerk_projection weights (0, 0)':'diffusion_module.transformer.super_blocks.0.0.self_attention.k_projection.weight',
'diffuser/~/diffusion_head/transformer/__layer_stack_with_per_layer/__layer_stack_with_per_layer/transformerv_projection weights (0, 0)':'diffusion_module.transformer.super_blocks.0.0.self_attention.v_projection.weight',
'diffuser/~/diffusion_head/transformer/__layer_stack_with_per_layer/__layer_stack_with_per_layer/transformergating_query weights (0, 0)':'diffusion_module.transformer.super_blocks.0.0.self_attention.gating_query.weight',
'diffuser/~/diffusion_head/transformer/__layer_stack_with_per_layer/__layer_stack_with_per_layer/transformersingle_cond_layer_norm scale (0, 0)':'diffusion_module.transformer.super_blocks.0.0.self_attention.adaptive_layernorm.single_cond_layer_norm.weight',
'diffuser/~/diffusion_head/transformer/__layer_stack_with_per_layer/__layer_stack_with_per_layer/transformersingle_cond_scale weights (0, 0)':'diffusion_module.transformer.super_blocks.0.0.self_attention.adaptive_layernorm.single_cond_scale.weight',
'diffuser/~/diffusion_head/transformer/__layer_stack_with_per_layer/__layer_stack_with_