__layer_stack_no_per_layer
__layer_stack_no_per_layer_1
__layer_stack_with_per_layer
_embed_features
_relative_encoding
act_norm
adaptive_zero_cond
bond_embedding
center_norm
confidence_head
confidence_pairformer
diffuser
diffusion_atom__decoder
diffusion_atom__encoder
diffusion_atom_features_layer_norm
diffusion_atom_features_to_position_update
diffusion_atom_positions_to_features
diffusion_embed_pair_distances
diffusion_embed_pair_distances_1
diffusion_embed_pair_offsets
diffusion_embed_pair_offsets_1
diffusion_embed_pair_offsets_valid
diffusion_embed_ref_atom_name
diffusion_embed_ref_charge
diffusion_embed_ref_element
diffusion_embed_ref_mask
diffusion_embed_ref_pos
diffusion_embed_trunk_pair_cond
diffusion_embed_trunk_single_cond
diffusion_head
diffusion_lnorm_trunk_pair_cond
diffusion_lnorm_trunk_single_cond
diffusion_pair_mlp_1
diffusion_pair_mlp_2
diffusion_pair_mlp_3
diffusion_project_atom_features_for_aggr
diffusion_project_token_features_for_broadcast
diffusion_single_to_pair_cond_col
diffusion_single_to_pair_cond_col_1
diffusion_single_to_pair_cond_row
diffusion_single_to_pair_cond_row_1
distogram_feat_project
distogram_head
embed_pair_distances
embed_pair_distances_1
embed_pair_offsets
embed_pair_offsets_1
embed_pair_offsets_valid
embed_ref_atom_name
embed_ref_charge
embed_ref_element
embed_ref_mask
embed_ref_pos
evoformer
evoformer_conditioning_atom__encoder
experimentally_resolved_ln
experimentally_resolved_logits
extra_msa_target_feat
ffw_adaptive_zero_cond
ffw_single_cond_bias
ffw_single_cond_layer_norm
ffw_single_cond_scale
ffw_transition1
ffw_transition2
gate
gating_linear
gating_query
half_logits
input_layer_norm
k_projection
ksingle_cond_bias
ksingle_cond_layer_norm
ksingle_cond_scale
layer_norm_input
left_half_distance_logits
left_norm_input
left_projection
left_single
left_target_feat_project
logits_ln
msa_activations
msa_attention1
msa_stack
msa_transition
noise_embedding_initial_norm
noise_embedding_initial_projection
outer_product_mean
output_layer_norm
output_linear
output_norm
output_projection
pae_logits
pae_logits_ln
pair_attention1
pair_attention2
pair_bias_projection
pair_cond_initial_norm
pair_cond_initial_projection
pair_input_layer_norm
pair_logits
pair_logits_projection
pair_mlp_1
pair_mlp_2
pair_mlp_3
pair_norm
pair_transition
pair_transition_0ffw_layer_norm
pair_transition_0ffw_transition1
pair_transition_0ffw_transition2
pair_transition_1ffw_layer_norm
pair_transition_1ffw_transition1
pair_transition_1ffw_transition2
plddt_logits
plddt_logits_ln
position_activations
prev_embedding
prev_embedding_layer_norm
prev_single_embedding
prev_single_embedding_layer_norm
project_atom_features_for_aggr
projection
q_projection
qsingle_cond_bias
qsingle_cond_layer_norm
qsingle_cond_scale
query_embedding_norm
right_projection
right_single
right_target_feat_project
single_activations
single_attention_gating_query
single_attention_k_projection
single_attention_layer_norm
single_attention_q_projection
single_attention_transition2
single_attention_v_projection
single_cond_bias
single_cond_embedding_norm
single_cond_embedding_projection
single_cond_initial_norm
single_cond_initial_projection
single_cond_layer_norm
single_cond_scale
single_pair_logits_norm
single_pair_logits_projection
single_template_embedding
single_to_pair_cond_col
single_to_pair_cond_col_1
single_to_pair_cond_row
single_to_pair_cond_row_1
single_transition
single_transition_0ffw_layer_norm
single_transition_0ffw_transition1
single_transition_0ffw_transition2
single_transition_1ffw_layer_norm
single_transition_1ffw_transition1
single_transition_1ffw_transition2
template_embedding
template_embedding_iteration
template_pair_embedding_0
template_pair_embedding_1
template_pair_embedding_2
template_pair_embedding_3
template_pair_embedding_4
template_pair_embedding_5
template_pair_embedding_6
template_pair_embedding_7
template_pair_embedding_8
transformer
transition1
transition2
triangle_multiplication_incoming
triangle_multiplication_outgoing
trunk_pairformer
v_projection
