0
1
2
3
4
5
_per_atom_conditioning
adaptive_layernorm
adaptive_layernorm_k
adaptive_layernorm_q
atom_cross_att_encoder
atom_features_layer_norm
atom_features_to_position_update
atom_positions_to_features
atom_transformer_decoder
atom_transformer_encoder
bias
blocks
cross_attention
diffusion_atom_cross_att_decoder
diffusion_atom_cross_att_encoder
diffusion_module
embed_pair_distances
embed_pair_offsets
embed_ref_atom_name
embed_ref_charge
embed_ref_element
embed_ref_mask
embed_ref_pos
embed_trunk_pair_cond
embed_trunk_single_cond
ffw_transition1
gating_query
k_projection
lnorm_trunk_pair_cond
lnorm_trunk_single_cond
noise_embedding_initial_norm
noise_embedding_initial_projection
output_norm
pair_cond_initial_norm
pair_cond_initial_projection
pair_logits_projection
pair_mlp
pair_transition_blocks
project_atom_features_for_aggr
project_token_features_for_broadcast
q_projection
self_attention
single_cond_bias
single_cond_embedding_norm
single_cond_embedding_projection
single_cond_initial_norm
single_cond_initial_projection
single_cond_layer_norm
single_cond_scale
single_to_pair_cond_col
single_to_pair_cond_row
single_transition_blocks
super_blocks
transformer
transition
transition_block
v_projection
weight
